2024-12-17 12:46:09,478 - __main__ - DEBUG - Starting application...
2024-12-17 12:46:09,479 - __main__ - INFO - Restarting with admin rights...
2024-12-17 12:46:11,328 - __main__ - DEBUG - Starting application...
2024-12-17 12:46:11,329 - __main__ - INFO - Starting app with admin rights...
2024-12-17 12:46:12,694 - PIL.PngImagePlugin - DEBUG - STREAM b'IHDR' 16 13
2024-12-17 12:46:12,695 - PIL.PngImagePlugin - DEBUG - STREAM b'sBIT' 41 4
2024-12-17 12:46:12,695 - PIL.PngImagePlugin - DEBUG - b'sBIT' 41 4 (unknown)
2024-12-17 12:46:12,695 - PIL.PngImagePlugin - DEBUG - STREAM b'pHYs' 57 9
2024-12-17 12:46:12,695 - PIL.PngImagePlugin - DEBUG - STREAM b'tEXt' 78 25
2024-12-17 12:46:12,695 - PIL.PngImagePlugin - DEBUG - STREAM b'IDAT' 115 8192
2024-12-17 12:46:12,698 - PIL.PngImagePlugin - DEBUG - STREAM b'IHDR' 16 13
2024-12-17 12:46:12,698 - PIL.PngImagePlugin - DEBUG - STREAM b'pHYs' 41 9
2024-12-17 12:46:12,698 - PIL.PngImagePlugin - DEBUG - STREAM b'tEXt' 62 25
2024-12-17 12:46:12,698 - PIL.PngImagePlugin - DEBUG - STREAM b'IDAT' 99 8192
2024-12-17 12:46:12,700 - PIL.PngImagePlugin - DEBUG - STREAM b'IHDR' 16 13
2024-12-17 12:46:12,700 - PIL.PngImagePlugin - DEBUG - STREAM b'pHYs' 41 9
2024-12-17 12:46:12,700 - PIL.PngImagePlugin - DEBUG - STREAM b'tEXt' 62 25
2024-12-17 12:46:12,700 - PIL.PngImagePlugin - DEBUG - STREAM b'IDAT' 99 6132
2024-12-17 12:46:12,702 - PIL.PngImagePlugin - DEBUG - STREAM b'IHDR' 16 13
2024-12-17 12:46:12,702 - PIL.PngImagePlugin - DEBUG - STREAM b'sBIT' 41 4
2024-12-17 12:46:12,702 - PIL.PngImagePlugin - DEBUG - b'sBIT' 41 4 (unknown)
2024-12-17 12:46:12,702 - PIL.PngImagePlugin - DEBUG - STREAM b'pHYs' 57 9
2024-12-17 12:46:12,702 - PIL.PngImagePlugin - DEBUG - STREAM b'tEXt' 78 25
2024-12-17 12:46:12,703 - PIL.PngImagePlugin - DEBUG - STREAM b'IDAT' 115 8192
2024-12-17 12:46:13,515 - PIL.PngImagePlugin - DEBUG - STREAM b'IHDR' 16 13
2024-12-17 12:46:13,515 - PIL.PngImagePlugin - DEBUG - STREAM b'sRGB' 41 1
2024-12-17 12:46:13,515 - PIL.PngImagePlugin - DEBUG - STREAM b'gAMA' 54 4
2024-12-17 12:46:13,515 - PIL.PngImagePlugin - DEBUG - STREAM b'pHYs' 70 9
2024-12-17 12:46:13,515 - PIL.PngImagePlugin - DEBUG - STREAM b'IDAT' 91 65445
2024-12-17 12:46:13,588 - __main__ - INFO - App instance created successfully
2024-12-17 12:46:18,901 - PIL.PngImagePlugin - DEBUG - STREAM b'IHDR' 16 13
2024-12-17 12:46:18,901 - PIL.PngImagePlugin - DEBUG - STREAM b'sRGB' 41 1
2024-12-17 12:46:18,901 - PIL.PngImagePlugin - DEBUG - STREAM b'gAMA' 54 4
2024-12-17 12:46:18,902 - PIL.PngImagePlugin - DEBUG - STREAM b'pHYs' 70 9
2024-12-17 12:46:18,902 - PIL.PngImagePlugin - DEBUG - STREAM b'IDAT' 91 65445
2024-12-17 12:46:25,701 - PIL.PngImagePlugin - DEBUG - STREAM b'IHDR' 16 13
2024-12-17 12:46:25,702 - PIL.PngImagePlugin - DEBUG - STREAM b'sRGB' 41 1
2024-12-17 12:46:25,702 - PIL.PngImagePlugin - DEBUG - STREAM b'gAMA' 54 4
2024-12-17 12:46:25,702 - PIL.PngImagePlugin - DEBUG - STREAM b'pHYs' 70 9
2024-12-17 12:46:25,702 - PIL.PngImagePlugin - DEBUG - STREAM b'IDAT' 91 65445
2024-12-17 12:46:47,531 - PIL.PngImagePlugin - DEBUG - STREAM b'IHDR' 16 13
2024-12-17 12:46:47,531 - PIL.PngImagePlugin - DEBUG - STREAM b'sRGB' 41 1
2024-12-17 12:46:47,531 - PIL.PngImagePlugin - DEBUG - STREAM b'gAMA' 54 4
2024-12-17 12:46:47,531 - PIL.PngImagePlugin - DEBUG - STREAM b'pHYs' 70 9
2024-12-17 12:46:47,531 - PIL.PngImagePlugin - DEBUG - STREAM b'IDAT' 91 65445
2024-12-17 12:46:54,712 - PIL.PngImagePlugin - DEBUG - STREAM b'IHDR' 16 13
2024-12-17 12:46:54,712 - PIL.PngImagePlugin - DEBUG - STREAM b'sRGB' 41 1
2024-12-17 12:46:54,712 - PIL.PngImagePlugin - DEBUG - STREAM b'gAMA' 54 4
2024-12-17 12:46:54,712 - PIL.PngImagePlugin - DEBUG - STREAM b'pHYs' 70 9
2024-12-17 12:46:54,712 - PIL.PngImagePlugin - DEBUG - STREAM b'IDAT' 91 65445
2024-12-17 12:47:02,118 - PIL.PngImagePlugin - DEBUG - STREAM b'IHDR' 16 13
2024-12-17 12:47:02,118 - PIL.PngImagePlugin - DEBUG - STREAM b'sRGB' 41 1
2024-12-17 12:47:02,118 - PIL.PngImagePlugin - DEBUG - STREAM b'gAMA' 54 4
2024-12-17 12:47:02,118 - PIL.PngImagePlugin - DEBUG - STREAM b'pHYs' 70 9
2024-12-17 12:47:02,118 - PIL.PngImagePlugin - DEBUG - STREAM b'IDAT' 91 65445
2024-12-17 12:47:05,223 - PIL.PngImagePlugin - DEBUG - STREAM b'IHDR' 16 13
2024-12-17 12:47:05,223 - PIL.PngImagePlugin - DEBUG - STREAM b'sRGB' 41 1
2024-12-17 12:47:05,223 - PIL.PngImagePlugin - DEBUG - STREAM b'gAMA' 54 4
2024-12-17 12:47:05,223 - PIL.PngImagePlugin - DEBUG - STREAM b'pHYs' 70 9
2024-12-17 12:47:05,223 - PIL.PngImagePlugin - DEBUG - STREAM b'IDAT' 91 65445
2024-12-17 12:47:12,464 - PIL.PngImagePlugin - DEBUG - STREAM b'IHDR' 16 13
2024-12-17 12:47:12,464 - PIL.PngImagePlugin - DEBUG - STREAM b'sRGB' 41 1
2024-12-17 12:47:12,464 - PIL.PngImagePlugin - DEBUG - STREAM b'gAMA' 54 4
2024-12-17 12:47:12,464 - PIL.PngImagePlugin - DEBUG - STREAM b'pHYs' 70 9
2024-12-17 12:47:12,464 - PIL.PngImagePlugin - DEBUG - STREAM b'IDAT' 91 65445
