2024-12-16 10:49:37,406 - __main__ - DEBUG - Starting application...
2024-12-16 10:49:37,407 - __main__ - INFO - Restarting with admin rights...
2024-12-16 10:49:39,335 - __main__ - DEBUG - Starting application...
2024-12-16 10:49:39,335 - __main__ - INFO - Starting app with admin rights...
2024-12-16 10:49:40,525 - PIL.PngImagePlugin - DEBUG - STREAM b'IHDR' 16 13
2024-12-16 10:49:40,526 - PIL.PngImagePlugin - DEBUG - STREAM b'sBIT' 41 4
2024-12-16 10:49:40,526 - PIL.PngImagePlugin - DEBUG - b'sBIT' 41 4 (unknown)
2024-12-16 10:49:40,526 - PIL.PngImagePlugin - DEBUG - STREAM b'pHYs' 57 9
2024-12-16 10:49:40,526 - PIL.PngImagePlugin - DEBUG - STREAM b'tEXt' 78 25
2024-12-16 10:49:40,526 - PIL.PngImagePlugin - DEBUG - STREAM b'IDAT' 115 8192
2024-12-16 10:49:40,526 - PIL.PngImagePlugin - DEBUG - STREAM b'IHDR' 16 13
2024-12-16 10:49:40,527 - PIL.PngImagePlugin - DEBUG - STREAM b'pHYs' 41 9
2024-12-16 10:49:40,527 - PIL.PngImagePlugin - DEBUG - STREAM b'tEXt' 62 25
2024-12-16 10:49:40,527 - PIL.PngImagePlugin - DEBUG - STREAM b'IDAT' 99 8192
2024-12-16 10:49:40,527 - PIL.PngImagePlugin - DEBUG - STREAM b'IHDR' 16 13
2024-12-16 10:49:40,527 - PIL.PngImagePlugin - DEBUG - STREAM b'pHYs' 41 9
2024-12-16 10:49:40,527 - PIL.PngImagePlugin - DEBUG - STREAM b'tEXt' 62 25
2024-12-16 10:49:40,527 - PIL.PngImagePlugin - DEBUG - STREAM b'IDAT' 99 6132
2024-12-16 10:49:40,527 - PIL.PngImagePlugin - DEBUG - STREAM b'IHDR' 16 13
2024-12-16 10:49:40,527 - PIL.PngImagePlugin - DEBUG - STREAM b'sBIT' 41 4
2024-12-16 10:49:40,528 - PIL.PngImagePlugin - DEBUG - b'sBIT' 41 4 (unknown)
2024-12-16 10:49:40,528 - PIL.PngImagePlugin - DEBUG - STREAM b'pHYs' 57 9
2024-12-16 10:49:40,528 - PIL.PngImagePlugin - DEBUG - STREAM b'tEXt' 78 25
2024-12-16 10:49:40,528 - PIL.PngImagePlugin - DEBUG - STREAM b'IDAT' 115 8192
2024-12-16 10:49:40,565 - PIL.PngImagePlugin - DEBUG - STREAM b'IHDR' 16 13
2024-12-16 10:49:40,565 - PIL.PngImagePlugin - DEBUG - STREAM b'sRGB' 41 1
2024-12-16 10:49:40,565 - PIL.PngImagePlugin - DEBUG - STREAM b'gAMA' 54 4
2024-12-16 10:49:40,565 - PIL.PngImagePlugin - DEBUG - STREAM b'pHYs' 70 9
2024-12-16 10:49:40,566 - PIL.PngImagePlugin - DEBUG - STREAM b'IDAT' 91 65445
2024-12-16 10:49:40,606 - __main__ - ERROR - Error in main app: 'NoneType' object has no attribute 'font_manager'
Traceback (most recent call last):
  File "c:\Users\johnd\Documents\TEST\app\framework_laptop_hub.py", line 1253, in <module>
    app = FrameworkApp()
          ^^^^^^^^^^^^^^
  File "c:\Users\johnd\Documents\TEST\app\framework_laptop_hub.py", line 831, in __init__
    self.show_home()
  File "c:\Users\johnd\Documents\TEST\app\framework_laptop_hub.py", line 943, in show_home
    self.create_main_content()
  File "c:\Users\johnd\Documents\TEST\app\framework_laptop_hub.py", line 1195, in create_main_content
    frame = CollapsibleFrame(
            ^^^^^^^^^^^^^^^^^
  File "c:\Users\johnd\Documents\TEST\app\framework_laptop_hub.py", line 270, in __init__
    font=kwargs.get("master").font_manager.get_font("bold", 13),
         ^^^^^^^^^^^^^^^^^^^^^^^^^^^^^^^^^
AttributeError: 'NoneType' object has no attribute 'font_manager'
2024-12-16 10:51:47,844 - __main__ - DEBUG - Starting application...
2024-12-16 10:51:47,844 - __main__ - INFO - Restarting with admin rights...
2024-12-16 10:51:49,875 - __main__ - DEBUG - Starting application...
2024-12-16 10:51:49,876 - __main__ - INFO - Starting app with admin rights...
2024-12-16 10:51:51,051 - PIL.PngImagePlugin - DEBUG - STREAM b'IHDR' 16 13
2024-12-16 10:51:51,051 - PIL.PngImagePlugin - DEBUG - STREAM b'sBIT' 41 4
2024-12-16 10:51:51,051 - PIL.PngImagePlugin - DEBUG - b'sBIT' 41 4 (unknown)
2024-12-16 10:51:51,051 - PIL.PngImagePlugin - DEBUG - STREAM b'pHYs' 57 9
2024-12-16 10:51:51,051 - PIL.PngImagePlugin - DEBUG - STREAM b'tEXt' 78 25
2024-12-16 10:51:51,051 - PIL.PngImagePlugin - DEBUG - STREAM b'IDAT' 115 8192
2024-12-16 10:51:51,052 - PIL.PngImagePlugin - DEBUG - STREAM b'IHDR' 16 13
2024-12-16 10:51:51,052 - PIL.PngImagePlugin - DEBUG - STREAM b'pHYs' 41 9
2024-12-16 10:51:51,052 - PIL.PngImagePlugin - DEBUG - STREAM b'tEXt' 62 25
2024-12-16 10:51:51,052 - PIL.PngImagePlugin - DEBUG - STREAM b'IDAT' 99 8192
2024-12-16 10:51:51,052 - PIL.PngImagePlugin - DEBUG - STREAM b'IHDR' 16 13
2024-12-16 10:51:51,052 - PIL.PngImagePlugin - DEBUG - STREAM b'pHYs' 41 9
2024-12-16 10:51:51,052 - PIL.PngImagePlugin - DEBUG - STREAM b'tEXt' 62 25
2024-12-16 10:51:51,052 - PIL.PngImagePlugin - DEBUG - STREAM b'IDAT' 99 6132
2024-12-16 10:51:51,052 - PIL.PngImagePlugin - DEBUG - STREAM b'IHDR' 16 13
2024-12-16 10:51:51,053 - PIL.PngImagePlugin - DEBUG - STREAM b'sBIT' 41 4
2024-12-16 10:51:51,053 - PIL.PngImagePlugin - DEBUG - b'sBIT' 41 4 (unknown)
2024-12-16 10:51:51,053 - PIL.PngImagePlugin - DEBUG - STREAM b'pHYs' 57 9
2024-12-16 10:51:51,053 - PIL.PngImagePlugin - DEBUG - STREAM b'tEXt' 78 25
2024-12-16 10:51:51,053 - PIL.PngImagePlugin - DEBUG - STREAM b'IDAT' 115 8192
2024-12-16 10:51:51,092 - PIL.PngImagePlugin - DEBUG - STREAM b'IHDR' 16 13
2024-12-16 10:51:51,092 - PIL.PngImagePlugin - DEBUG - STREAM b'sRGB' 41 1
2024-12-16 10:51:51,092 - PIL.PngImagePlugin - DEBUG - STREAM b'gAMA' 54 4
2024-12-16 10:51:51,093 - PIL.PngImagePlugin - DEBUG - STREAM b'pHYs' 70 9
2024-12-16 10:51:51,093 - PIL.PngImagePlugin - DEBUG - STREAM b'IDAT' 91 65445
2024-12-16 10:51:51,153 - __main__ - INFO - App instance created successfully
2024-12-16 10:51:58,494 - PIL.PngImagePlugin - DEBUG - STREAM b'IHDR' 16 13
2024-12-16 10:51:58,495 - PIL.PngImagePlugin - DEBUG - STREAM b'sRGB' 41 1
2024-12-16 10:51:58,495 - PIL.PngImagePlugin - DEBUG - STREAM b'gAMA' 54 4
2024-12-16 10:51:58,495 - PIL.PngImagePlugin - DEBUG - STREAM b'pHYs' 70 9
2024-12-16 10:51:58,495 - PIL.PngImagePlugin - DEBUG - STREAM b'IDAT' 91 65445
2024-12-16 10:55:26,122 - __main__ - DEBUG - Starting application...
2024-12-16 10:55:26,123 - __main__ - INFO - Restarting with admin rights...
2024-12-16 10:55:28,539 - __main__ - DEBUG - Starting application...
2024-12-16 10:55:28,540 - __main__ - INFO - Starting app with admin rights...
2024-12-16 10:55:29,735 - PIL.PngImagePlugin - DEBUG - STREAM b'IHDR' 16 13
2024-12-16 10:55:29,735 - PIL.PngImagePlugin - DEBUG - STREAM b'sBIT' 41 4
2024-12-16 10:55:29,735 - PIL.PngImagePlugin - DEBUG - b'sBIT' 41 4 (unknown)
2024-12-16 10:55:29,735 - PIL.PngImagePlugin - DEBUG - STREAM b'pHYs' 57 9
2024-12-16 10:55:29,735 - PIL.PngImagePlugin - DEBUG - STREAM b'tEXt' 78 25
2024-12-16 10:55:29,736 - PIL.PngImagePlugin - DEBUG - STREAM b'IDAT' 115 8192
2024-12-16 10:55:29,736 - PIL.PngImagePlugin - DEBUG - STREAM b'IHDR' 16 13
2024-12-16 10:55:29,736 - PIL.PngImagePlugin - DEBUG - STREAM b'pHYs' 41 9
2024-12-16 10:55:29,736 - PIL.PngImagePlugin - DEBUG - STREAM b'tEXt' 62 25
2024-12-16 10:55:29,736 - PIL.PngImagePlugin - DEBUG - STREAM b'IDAT' 99 8192
2024-12-16 10:55:29,736 - PIL.PngImagePlugin - DEBUG - STREAM b'IHDR' 16 13
2024-12-16 10:55:29,737 - PIL.PngImagePlugin - DEBUG - STREAM b'pHYs' 41 9
2024-12-16 10:55:29,737 - PIL.PngImagePlugin - DEBUG - STREAM b'tEXt' 62 25
2024-12-16 10:55:29,737 - PIL.PngImagePlugin - DEBUG - STREAM b'IDAT' 99 6132
2024-12-16 10:55:29,737 - PIL.PngImagePlugin - DEBUG - STREAM b'IHDR' 16 13
2024-12-16 10:55:29,737 - PIL.PngImagePlugin - DEBUG - STREAM b'sBIT' 41 4
2024-12-16 10:55:29,737 - PIL.PngImagePlugin - DEBUG - b'sBIT' 41 4 (unknown)
2024-12-16 10:55:29,737 - PIL.PngImagePlugin - DEBUG - STREAM b'pHYs' 57 9
2024-12-16 10:55:29,737 - PIL.PngImagePlugin - DEBUG - STREAM b'tEXt' 78 25
2024-12-16 10:55:29,737 - PIL.PngImagePlugin - DEBUG - STREAM b'IDAT' 115 8192
2024-12-16 10:55:29,778 - PIL.PngImagePlugin - DEBUG - STREAM b'IHDR' 16 13
2024-12-16 10:55:29,779 - PIL.PngImagePlugin - DEBUG - STREAM b'sRGB' 41 1
2024-12-16 10:55:29,779 - PIL.PngImagePlugin - DEBUG - STREAM b'gAMA' 54 4
2024-12-16 10:55:29,779 - PIL.PngImagePlugin - DEBUG - STREAM b'pHYs' 70 9
2024-12-16 10:55:29,779 - PIL.PngImagePlugin - DEBUG - STREAM b'IDAT' 91 65445
2024-12-16 10:55:29,841 - __main__ - INFO - App instance created successfully
2024-12-16 10:55:45,946 - __main__ - DEBUG - Starting application...
2024-12-16 10:55:45,947 - __main__ - INFO - Restarting with admin rights...
2024-12-16 10:55:48,364 - __main__ - DEBUG - Starting application...
2024-12-16 10:55:48,364 - __main__ - INFO - Starting app with admin rights...
2024-12-16 10:55:49,555 - PIL.PngImagePlugin - DEBUG - STREAM b'IHDR' 16 13
2024-12-16 10:55:49,556 - PIL.PngImagePlugin - DEBUG - STREAM b'sBIT' 41 4
2024-12-16 10:55:49,556 - PIL.PngImagePlugin - DEBUG - b'sBIT' 41 4 (unknown)
2024-12-16 10:55:49,556 - PIL.PngImagePlugin - DEBUG - STREAM b'pHYs' 57 9
2024-12-16 10:55:49,556 - PIL.PngImagePlugin - DEBUG - STREAM b'tEXt' 78 25
2024-12-16 10:55:49,556 - PIL.PngImagePlugin - DEBUG - STREAM b'IDAT' 115 8192
2024-12-16 10:55:49,556 - PIL.PngImagePlugin - DEBUG - STREAM b'IHDR' 16 13
2024-12-16 10:55:49,556 - PIL.PngImagePlugin - DEBUG - STREAM b'pHYs' 41 9
2024-12-16 10:55:49,556 - PIL.PngImagePlugin - DEBUG - STREAM b'tEXt' 62 25
2024-12-16 10:55:49,556 - PIL.PngImagePlugin - DEBUG - STREAM b'IDAT' 99 8192
2024-12-16 10:55:49,556 - PIL.PngImagePlugin - DEBUG - STREAM b'IHDR' 16 13
2024-12-16 10:55:49,556 - PIL.PngImagePlugin - DEBUG - STREAM b'pHYs' 41 9
2024-12-16 10:55:49,557 - PIL.PngImagePlugin - DEBUG - STREAM b'tEXt' 62 25
2024-12-16 10:55:49,557 - PIL.PngImagePlugin - DEBUG - STREAM b'IDAT' 99 6132
2024-12-16 10:55:49,557 - PIL.PngImagePlugin - DEBUG - STREAM b'IHDR' 16 13
2024-12-16 10:55:49,557 - PIL.PngImagePlugin - DEBUG - STREAM b'sBIT' 41 4
2024-12-16 10:55:49,557 - PIL.PngImagePlugin - DEBUG - b'sBIT' 41 4 (unknown)
2024-12-16 10:55:49,557 - PIL.PngImagePlugin - DEBUG - STREAM b'pHYs' 57 9
2024-12-16 10:55:49,557 - PIL.PngImagePlugin - DEBUG - STREAM b'tEXt' 78 25
2024-12-16 10:55:49,557 - PIL.PngImagePlugin - DEBUG - STREAM b'IDAT' 115 8192
2024-12-16 10:55:49,596 - PIL.PngImagePlugin - DEBUG - STREAM b'IHDR' 16 13
2024-12-16 10:55:49,596 - PIL.PngImagePlugin - DEBUG - STREAM b'sRGB' 41 1
2024-12-16 10:55:49,596 - PIL.PngImagePlugin - DEBUG - STREAM b'gAMA' 54 4
2024-12-16 10:55:49,596 - PIL.PngImagePlugin - DEBUG - STREAM b'pHYs' 70 9
2024-12-16 10:55:49,597 - PIL.PngImagePlugin - DEBUG - STREAM b'IDAT' 91 65445
2024-12-16 10:55:49,659 - __main__ - INFO - App instance created successfully
2024-12-16 10:58:36,918 - __main__ - DEBUG - Starting application...
2024-12-16 10:58:36,918 - __main__ - INFO - Restarting with admin rights...
2024-12-16 10:58:39,025 - __main__ - DEBUG - Starting application...
2024-12-16 10:58:39,026 - __main__ - INFO - Starting app with admin rights...
2024-12-16 10:58:40,209 - PIL.PngImagePlugin - DEBUG - STREAM b'IHDR' 16 13
2024-12-16 10:58:40,209 - PIL.PngImagePlugin - DEBUG - STREAM b'sBIT' 41 4
2024-12-16 10:58:40,209 - PIL.PngImagePlugin - DEBUG - b'sBIT' 41 4 (unknown)
2024-12-16 10:58:40,210 - PIL.PngImagePlugin - DEBUG - STREAM b'pHYs' 57 9
2024-12-16 10:58:40,210 - PIL.PngImagePlugin - DEBUG - STREAM b'tEXt' 78 25
2024-12-16 10:58:40,210 - PIL.PngImagePlugin - DEBUG - STREAM b'IDAT' 115 8192
2024-12-16 10:58:40,210 - PIL.PngImagePlugin - DEBUG - STREAM b'IHDR' 16 13
2024-12-16 10:58:40,210 - PIL.PngImagePlugin - DEBUG - STREAM b'pHYs' 41 9
2024-12-16 10:58:40,210 - PIL.PngImagePlugin - DEBUG - STREAM b'tEXt' 62 25
2024-12-16 10:58:40,210 - PIL.PngImagePlugin - DEBUG - STREAM b'IDAT' 99 8192
2024-12-16 10:58:40,210 - PIL.PngImagePlugin - DEBUG - STREAM b'IHDR' 16 13
2024-12-16 10:58:40,210 - PIL.PngImagePlugin - DEBUG - STREAM b'pHYs' 41 9
2024-12-16 10:58:40,211 - PIL.PngImagePlugin - DEBUG - STREAM b'tEXt' 62 25
2024-12-16 10:58:40,211 - PIL.PngImagePlugin - DEBUG - STREAM b'IDAT' 99 6132
2024-12-16 10:58:40,211 - PIL.PngImagePlugin - DEBUG - STREAM b'IHDR' 16 13
2024-12-16 10:58:40,211 - PIL.PngImagePlugin - DEBUG - STREAM b'sBIT' 41 4
2024-12-16 10:58:40,211 - PIL.PngImagePlugin - DEBUG - b'sBIT' 41 4 (unknown)
2024-12-16 10:58:40,211 - PIL.PngImagePlugin - DEBUG - STREAM b'pHYs' 57 9
2024-12-16 10:58:40,212 - PIL.PngImagePlugin - DEBUG - STREAM b'tEXt' 78 25
2024-12-16 10:58:40,212 - PIL.PngImagePlugin - DEBUG - STREAM b'IDAT' 115 8192
2024-12-16 10:58:40,251 - PIL.PngImagePlugin - DEBUG - STREAM b'IHDR' 16 13
2024-12-16 10:58:40,251 - PIL.PngImagePlugin - DEBUG - STREAM b'sRGB' 41 1
2024-12-16 10:58:40,251 - PIL.PngImagePlugin - DEBUG - STREAM b'gAMA' 54 4
2024-12-16 10:58:40,251 - PIL.PngImagePlugin - DEBUG - STREAM b'pHYs' 70 9
2024-12-16 10:58:40,251 - PIL.PngImagePlugin - DEBUG - STREAM b'IDAT' 91 65445
2024-12-16 10:58:40,312 - __main__ - INFO - App instance created successfully
2024-12-16 10:58:44,820 - PIL.PngImagePlugin - DEBUG - STREAM b'IHDR' 16 13
2024-12-16 10:58:44,821 - PIL.PngImagePlugin - DEBUG - STREAM b'sRGB' 41 1
2024-12-16 10:58:44,821 - PIL.PngImagePlugin - DEBUG - STREAM b'gAMA' 54 4
2024-12-16 10:58:44,821 - PIL.PngImagePlugin - DEBUG - STREAM b'pHYs' 70 9
2024-12-16 10:58:44,821 - PIL.PngImagePlugin - DEBUG - STREAM b'IDAT' 91 65445
2024-12-16 10:59:12,010 - urllib3.connectionpool - DEBUG - Starting new HTTPS connection (1): api.ipify.org:443
2024-12-16 10:59:13,578 - urllib3.connectionpool - DEBUG - https://api.ipify.org:443 "GET / HTTP/11" 200 12
2024-12-16 11:01:54,336 - __main__ - DEBUG - Starting application...
2024-12-16 11:01:54,337 - __main__ - INFO - Restarting with admin rights...
2024-12-16 11:01:56,489 - __main__ - DEBUG - Starting application...
2024-12-16 11:01:56,490 - __main__ - INFO - Starting app with admin rights...
2024-12-16 11:01:57,678 - PIL.PngImagePlugin - DEBUG - STREAM b'IHDR' 16 13
2024-12-16 11:01:57,678 - PIL.PngImagePlugin - DEBUG - STREAM b'sBIT' 41 4
2024-12-16 11:01:57,679 - PIL.PngImagePlugin - DEBUG - b'sBIT' 41 4 (unknown)
2024-12-16 11:01:57,679 - PIL.PngImagePlugin - DEBUG - STREAM b'pHYs' 57 9
2024-12-16 11:01:57,679 - PIL.PngImagePlugin - DEBUG - STREAM b'tEXt' 78 25
2024-12-16 11:01:57,679 - PIL.PngImagePlugin - DEBUG - STREAM b'IDAT' 115 8192
2024-12-16 11:01:57,679 - PIL.PngImagePlugin - DEBUG - STREAM b'IHDR' 16 13
2024-12-16 11:01:57,679 - PIL.PngImagePlugin - DEBUG - STREAM b'pHYs' 41 9
2024-12-16 11:01:57,679 - PIL.PngImagePlugin - DEBUG - STREAM b'tEXt' 62 25
2024-12-16 11:01:57,679 - PIL.PngImagePlugin - DEBUG - STREAM b'IDAT' 99 8192
2024-12-16 11:01:57,679 - PIL.PngImagePlugin - DEBUG - STREAM b'IHDR' 16 13
2024-12-16 11:01:57,680 - PIL.PngImagePlugin - DEBUG - STREAM b'pHYs' 41 9
2024-12-16 11:01:57,680 - PIL.PngImagePlugin - DEBUG - STREAM b'tEXt' 62 25
2024-12-16 11:01:57,680 - PIL.PngImagePlugin - DEBUG - STREAM b'IDAT' 99 6132
2024-12-16 11:01:57,680 - PIL.PngImagePlugin - DEBUG - STREAM b'IHDR' 16 13
2024-12-16 11:01:57,680 - PIL.PngImagePlugin - DEBUG - STREAM b'sBIT' 41 4
2024-12-16 11:01:57,680 - PIL.PngImagePlugin - DEBUG - b'sBIT' 41 4 (unknown)
2024-12-16 11:01:57,680 - PIL.PngImagePlugin - DEBUG - STREAM b'pHYs' 57 9
2024-12-16 11:01:57,680 - PIL.PngImagePlugin - DEBUG - STREAM b'tEXt' 78 25
2024-12-16 11:01:57,680 - PIL.PngImagePlugin - DEBUG - STREAM b'IDAT' 115 8192
2024-12-16 11:01:57,719 - PIL.PngImagePlugin - DEBUG - STREAM b'IHDR' 16 13
2024-12-16 11:01:57,719 - PIL.PngImagePlugin - DEBUG - STREAM b'sRGB' 41 1
2024-12-16 11:01:57,719 - PIL.PngImagePlugin - DEBUG - STREAM b'gAMA' 54 4
2024-12-16 11:01:57,719 - PIL.PngImagePlugin - DEBUG - STREAM b'pHYs' 70 9
2024-12-16 11:01:57,719 - PIL.PngImagePlugin - DEBUG - STREAM b'IDAT' 91 65445
2024-12-16 11:01:57,781 - __main__ - INFO - App instance created successfully
2024-12-16 11:02:07,452 - PIL.PngImagePlugin - DEBUG - STREAM b'IHDR' 16 13
2024-12-16 11:02:07,452 - PIL.PngImagePlugin - DEBUG - STREAM b'sRGB' 41 1
2024-12-16 11:02:07,452 - PIL.PngImagePlugin - DEBUG - STREAM b'gAMA' 54 4
2024-12-16 11:02:07,452 - PIL.PngImagePlugin - DEBUG - STREAM b'pHYs' 70 9
2024-12-16 11:02:07,452 - PIL.PngImagePlugin - DEBUG - STREAM b'IDAT' 91 65445
2024-12-16 11:02:14,233 - PIL.PngImagePlugin - DEBUG - STREAM b'IHDR' 16 13
2024-12-16 11:02:14,234 - PIL.PngImagePlugin - DEBUG - STREAM b'sRGB' 41 1
2024-12-16 11:02:14,234 - PIL.PngImagePlugin - DEBUG - STREAM b'gAMA' 54 4
2024-12-16 11:02:14,234 - PIL.PngImagePlugin - DEBUG - STREAM b'pHYs' 70 9
2024-12-16 11:02:14,234 - PIL.PngImagePlugin - DEBUG - STREAM b'IDAT' 91 65445
2024-12-16 11:02:26,397 - PIL.PngImagePlugin - DEBUG - STREAM b'IHDR' 16 13
2024-12-16 11:02:26,397 - PIL.PngImagePlugin - DEBUG - STREAM b'sRGB' 41 1
2024-12-16 11:02:26,397 - PIL.PngImagePlugin - DEBUG - STREAM b'gAMA' 54 4
2024-12-16 11:02:26,397 - PIL.PngImagePlugin - DEBUG - STREAM b'pHYs' 70 9
2024-12-16 11:02:26,398 - PIL.PngImagePlugin - DEBUG - STREAM b'IDAT' 91 65445
2024-12-16 11:02:49,859 - PIL.PngImagePlugin - DEBUG - STREAM b'IHDR' 16 13
2024-12-16 11:02:49,860 - PIL.PngImagePlugin - DEBUG - STREAM b'sRGB' 41 1
2024-12-16 11:02:49,860 - PIL.PngImagePlugin - DEBUG - STREAM b'gAMA' 54 4
2024-12-16 11:02:49,860 - PIL.PngImagePlugin - DEBUG - STREAM b'pHYs' 70 9
2024-12-16 11:02:49,860 - PIL.PngImagePlugin - DEBUG - STREAM b'IDAT' 91 65445
2024-12-16 11:07:04,484 - __main__ - DEBUG - Starting application...
2024-12-16 11:07:04,484 - __main__ - INFO - Restarting with admin rights...
2024-12-16 11:07:07,210 - __main__ - DEBUG - Starting application...
2024-12-16 11:07:07,210 - __main__ - INFO - Starting app with admin rights...
2024-12-16 11:07:08,394 - PIL.PngImagePlugin - DEBUG - STREAM b'IHDR' 16 13
2024-12-16 11:07:08,394 - PIL.PngImagePlugin - DEBUG - STREAM b'sBIT' 41 4
2024-12-16 11:07:08,394 - PIL.PngImagePlugin - DEBUG - b'sBIT' 41 4 (unknown)
2024-12-16 11:07:08,394 - PIL.PngImagePlugin - DEBUG - STREAM b'pHYs' 57 9
2024-12-16 11:07:08,394 - PIL.PngImagePlugin - DEBUG - STREAM b'tEXt' 78 25
2024-12-16 11:07:08,394 - PIL.PngImagePlugin - DEBUG - STREAM b'IDAT' 115 8192
2024-12-16 11:07:08,395 - PIL.PngImagePlugin - DEBUG - STREAM b'IHDR' 16 13
2024-12-16 11:07:08,395 - PIL.PngImagePlugin - DEBUG - STREAM b'pHYs' 41 9
2024-12-16 11:07:08,395 - PIL.PngImagePlugin - DEBUG - STREAM b'tEXt' 62 25
2024-12-16 11:07:08,395 - PIL.PngImagePlugin - DEBUG - STREAM b'IDAT' 99 8192
2024-12-16 11:07:08,395 - PIL.PngImagePlugin - DEBUG - STREAM b'IHDR' 16 13
2024-12-16 11:07:08,395 - PIL.PngImagePlugin - DEBUG - STREAM b'pHYs' 41 9
2024-12-16 11:07:08,395 - PIL.PngImagePlugin - DEBUG - STREAM b'tEXt' 62 25
2024-12-16 11:07:08,395 - PIL.PngImagePlugin - DEBUG - STREAM b'IDAT' 99 6132
2024-12-16 11:07:08,396 - PIL.PngImagePlugin - DEBUG - STREAM b'IHDR' 16 13
2024-12-16 11:07:08,396 - PIL.PngImagePlugin - DEBUG - STREAM b'sBIT' 41 4
2024-12-16 11:07:08,396 - PIL.PngImagePlugin - DEBUG - b'sBIT' 41 4 (unknown)
2024-12-16 11:07:08,396 - PIL.PngImagePlugin - DEBUG - STREAM b'pHYs' 57 9
2024-12-16 11:07:08,396 - PIL.PngImagePlugin - DEBUG - STREAM b'tEXt' 78 25
2024-12-16 11:07:08,396 - PIL.PngImagePlugin - DEBUG - STREAM b'IDAT' 115 8192
2024-12-16 11:07:08,435 - PIL.PngImagePlugin - DEBUG - STREAM b'IHDR' 16 13
2024-12-16 11:07:08,435 - PIL.PngImagePlugin - DEBUG - STREAM b'sRGB' 41 1
2024-12-16 11:07:08,436 - PIL.PngImagePlugin - DEBUG - STREAM b'gAMA' 54 4
2024-12-16 11:07:08,436 - PIL.PngImagePlugin - DEBUG - STREAM b'pHYs' 70 9
2024-12-16 11:07:08,436 - PIL.PngImagePlugin - DEBUG - STREAM b'IDAT' 91 65445
2024-12-16 11:07:08,474 - __main__ - ERROR - Error in main app: 'CTkFrame' object has no attribute 'language_manager'
Traceback (most recent call last):
  File "c:\Users\johnd\Documents\TEST\app\framework_laptop_hub.py", line 1386, in <module>
    app = FrameworkApp()
          ^^^^^^^^^^^^^^
  File "c:\Users\johnd\Documents\TEST\app\framework_laptop_hub.py", line 897, in __init__
    self.show_home()
  File "c:\Users\johnd\Documents\TEST\app\framework_laptop_hub.py", line 1009, in show_home
    self.create_main_content()
  File "c:\Users\johnd\Documents\TEST\app\framework_laptop_hub.py", line 1316, in create_main_content
    frame = CollapsibleFrame(
            ^^^^^^^^^^^^^^^^^
  File "c:\Users\johnd\Documents\TEST\app\framework_laptop_hub.py", line 262, in __init__
    self.language_manager = kwargs.get("master").language_manager if "master" in kwargs else None
                            ^^^^^^^^^^^^^^^^^^^^^^^^^^^^^^^^^^^^^
AttributeError: 'CTkFrame' object has no attribute 'language_manager'
2024-12-16 11:07:37,926 - __main__ - DEBUG - Starting application...
2024-12-16 11:07:37,926 - __main__ - INFO - Restarting with admin rights...
2024-12-16 11:07:39,642 - __main__ - DEBUG - Starting application...
2024-12-16 11:07:39,643 - __main__ - INFO - Starting app with admin rights...
2024-12-16 11:07:40,827 - PIL.PngImagePlugin - DEBUG - STREAM b'IHDR' 16 13
2024-12-16 11:07:40,827 - PIL.PngImagePlugin - DEBUG - STREAM b'sBIT' 41 4
2024-12-16 11:07:40,828 - PIL.PngImagePlugin - DEBUG - b'sBIT' 41 4 (unknown)
2024-12-16 11:07:40,828 - PIL.PngImagePlugin - DEBUG - STREAM b'pHYs' 57 9
2024-12-16 11:07:40,828 - PIL.PngImagePlugin - DEBUG - STREAM b'tEXt' 78 25
2024-12-16 11:07:40,828 - PIL.PngImagePlugin - DEBUG - STREAM b'IDAT' 115 8192
2024-12-16 11:07:40,828 - PIL.PngImagePlugin - DEBUG - STREAM b'IHDR' 16 13
2024-12-16 11:07:40,829 - PIL.PngImagePlugin - DEBUG - STREAM b'pHYs' 41 9
2024-12-16 11:07:40,829 - PIL.PngImagePlugin - DEBUG - STREAM b'tEXt' 62 25
2024-12-16 11:07:40,829 - PIL.PngImagePlugin - DEBUG - STREAM b'IDAT' 99 8192
2024-12-16 11:07:40,829 - PIL.PngImagePlugin - DEBUG - STREAM b'IHDR' 16 13
2024-12-16 11:07:40,829 - PIL.PngImagePlugin - DEBUG - STREAM b'pHYs' 41 9
2024-12-16 11:07:40,829 - PIL.PngImagePlugin - DEBUG - STREAM b'tEXt' 62 25
2024-12-16 11:07:40,829 - PIL.PngImagePlugin - DEBUG - STREAM b'IDAT' 99 6132
2024-12-16 11:07:40,830 - PIL.PngImagePlugin - DEBUG - STREAM b'IHDR' 16 13
2024-12-16 11:07:40,830 - PIL.PngImagePlugin - DEBUG - STREAM b'sBIT' 41 4
2024-12-16 11:07:40,830 - PIL.PngImagePlugin - DEBUG - b'sBIT' 41 4 (unknown)
2024-12-16 11:07:40,830 - PIL.PngImagePlugin - DEBUG - STREAM b'pHYs' 57 9
2024-12-16 11:07:40,830 - PIL.PngImagePlugin - DEBUG - STREAM b'tEXt' 78 25
2024-12-16 11:07:40,830 - PIL.PngImagePlugin - DEBUG - STREAM b'IDAT' 115 8192
2024-12-16 11:07:40,869 - PIL.PngImagePlugin - DEBUG - STREAM b'IHDR' 16 13
2024-12-16 11:07:40,869 - PIL.PngImagePlugin - DEBUG - STREAM b'sRGB' 41 1
2024-12-16 11:07:40,869 - PIL.PngImagePlugin - DEBUG - STREAM b'gAMA' 54 4
2024-12-16 11:07:40,869 - PIL.PngImagePlugin - DEBUG - STREAM b'pHYs' 70 9
2024-12-16 11:07:40,869 - PIL.PngImagePlugin - DEBUG - STREAM b'IDAT' 91 65445
2024-12-16 11:07:40,909 - __main__ - ERROR - Error in main app: 'CTkFrame' object has no attribute 'language_manager'
Traceback (most recent call last):
  File "c:\Users\johnd\Documents\TEST\app\framework_laptop_hub.py", line 1386, in <module>
    app = FrameworkApp()
          ^^^^^^^^^^^^^^
  File "c:\Users\johnd\Documents\TEST\app\framework_laptop_hub.py", line 897, in __init__
    self.show_home()
  File "c:\Users\johnd\Documents\TEST\app\framework_laptop_hub.py", line 1009, in show_home
    self.create_main_content()
  File "c:\Users\johnd\Documents\TEST\app\framework_laptop_hub.py", line 1316, in create_main_content
    frame = CollapsibleFrame(
            ^^^^^^^^^^^^^^^^^
  File "c:\Users\johnd\Documents\TEST\app\framework_laptop_hub.py", line 262, in __init__
    self.language_manager = kwargs.get("master").language_manager if "master" in kwargs else None
                            ^^^^^^^^^^^^^^^^^^^^^^^^^^^^^^^^^^^^^
AttributeError: 'CTkFrame' object has no attribute 'language_manager'
2024-12-16 11:09:13,603 - __main__ - DEBUG - Starting application...
2024-12-16 11:09:13,604 - __main__ - INFO - Restarting with admin rights...
2024-12-16 11:09:15,607 - __main__ - DEBUG - Starting application...
2024-12-16 11:09:15,607 - __main__ - INFO - Starting app with admin rights...
2024-12-16 11:09:16,790 - PIL.PngImagePlugin - DEBUG - STREAM b'IHDR' 16 13
2024-12-16 11:09:16,791 - PIL.PngImagePlugin - DEBUG - STREAM b'sBIT' 41 4
2024-12-16 11:09:16,791 - PIL.PngImagePlugin - DEBUG - b'sBIT' 41 4 (unknown)
2024-12-16 11:09:16,791 - PIL.PngImagePlugin - DEBUG - STREAM b'pHYs' 57 9
2024-12-16 11:09:16,791 - PIL.PngImagePlugin - DEBUG - STREAM b'tEXt' 78 25
2024-12-16 11:09:16,791 - PIL.PngImagePlugin - DEBUG - STREAM b'IDAT' 115 8192
2024-12-16 11:09:16,791 - PIL.PngImagePlugin - DEBUG - STREAM b'IHDR' 16 13
2024-12-16 11:09:16,791 - PIL.PngImagePlugin - DEBUG - STREAM b'pHYs' 41 9
2024-12-16 11:09:16,792 - PIL.PngImagePlugin - DEBUG - STREAM b'tEXt' 62 25
2024-12-16 11:09:16,792 - PIL.PngImagePlugin - DEBUG - STREAM b'IDAT' 99 8192
2024-12-16 11:09:16,792 - PIL.PngImagePlugin - DEBUG - STREAM b'IHDR' 16 13
2024-12-16 11:09:16,792 - PIL.PngImagePlugin - DEBUG - STREAM b'pHYs' 41 9
2024-12-16 11:09:16,792 - PIL.PngImagePlugin - DEBUG - STREAM b'tEXt' 62 25
2024-12-16 11:09:16,792 - PIL.PngImagePlugin - DEBUG - STREAM b'IDAT' 99 6132
2024-12-16 11:09:16,792 - PIL.PngImagePlugin - DEBUG - STREAM b'IHDR' 16 13
2024-12-16 11:09:16,792 - PIL.PngImagePlugin - DEBUG - STREAM b'sBIT' 41 4
2024-12-16 11:09:16,793 - PIL.PngImagePlugin - DEBUG - b'sBIT' 41 4 (unknown)
2024-12-16 11:09:16,793 - PIL.PngImagePlugin - DEBUG - STREAM b'pHYs' 57 9
2024-12-16 11:09:16,793 - PIL.PngImagePlugin - DEBUG - STREAM b'tEXt' 78 25
2024-12-16 11:09:16,793 - PIL.PngImagePlugin - DEBUG - STREAM b'IDAT' 115 8192
2024-12-16 11:09:16,835 - PIL.PngImagePlugin - DEBUG - STREAM b'IHDR' 16 13
2024-12-16 11:09:16,835 - PIL.PngImagePlugin - DEBUG - STREAM b'sRGB' 41 1
2024-12-16 11:09:16,835 - PIL.PngImagePlugin - DEBUG - STREAM b'gAMA' 54 4
2024-12-16 11:09:16,835 - PIL.PngImagePlugin - DEBUG - STREAM b'pHYs' 70 9
2024-12-16 11:09:16,835 - PIL.PngImagePlugin - DEBUG - STREAM b'IDAT' 91 65445
2024-12-16 11:09:16,898 - __main__ - INFO - App instance created successfully
2024-12-16 11:11:22,666 - __main__ - DEBUG - Starting application...
2024-12-16 11:11:22,666 - __main__ - INFO - Restarting with admin rights...
2024-12-16 11:11:24,502 - __main__ - DEBUG - Starting application...
2024-12-16 11:11:24,503 - __main__ - INFO - Starting app with admin rights...
2024-12-16 11:11:25,707 - PIL.PngImagePlugin - DEBUG - STREAM b'IHDR' 16 13
2024-12-16 11:11:25,708 - PIL.PngImagePlugin - DEBUG - STREAM b'sBIT' 41 4
2024-12-16 11:11:25,708 - PIL.PngImagePlugin - DEBUG - b'sBIT' 41 4 (unknown)
2024-12-16 11:11:25,708 - PIL.PngImagePlugin - DEBUG - STREAM b'pHYs' 57 9
2024-12-16 11:11:25,708 - PIL.PngImagePlugin - DEBUG - STREAM b'tEXt' 78 25
2024-12-16 11:11:25,708 - PIL.PngImagePlugin - DEBUG - STREAM b'IDAT' 115 8192
2024-12-16 11:11:25,708 - PIL.PngImagePlugin - DEBUG - STREAM b'IHDR' 16 13
2024-12-16 11:11:25,709 - PIL.PngImagePlugin - DEBUG - STREAM b'pHYs' 41 9
2024-12-16 11:11:25,709 - PIL.PngImagePlugin - DEBUG - STREAM b'tEXt' 62 25
2024-12-16 11:11:25,709 - PIL.PngImagePlugin - DEBUG - STREAM b'IDAT' 99 8192
2024-12-16 11:11:25,709 - PIL.PngImagePlugin - DEBUG - STREAM b'IHDR' 16 13
2024-12-16 11:11:25,709 - PIL.PngImagePlugin - DEBUG - STREAM b'pHYs' 41 9
2024-12-16 11:11:25,709 - PIL.PngImagePlugin - DEBUG - STREAM b'tEXt' 62 25
2024-12-16 11:11:25,709 - PIL.PngImagePlugin - DEBUG - STREAM b'IDAT' 99 6132
2024-12-16 11:11:25,709 - PIL.PngImagePlugin - DEBUG - STREAM b'IHDR' 16 13
2024-12-16 11:11:25,710 - PIL.PngImagePlugin - DEBUG - STREAM b'sBIT' 41 4
2024-12-16 11:11:25,710 - PIL.PngImagePlugin - DEBUG - b'sBIT' 41 4 (unknown)
2024-12-16 11:11:25,710 - PIL.PngImagePlugin - DEBUG - STREAM b'pHYs' 57 9
2024-12-16 11:11:25,710 - PIL.PngImagePlugin - DEBUG - STREAM b'tEXt' 78 25
2024-12-16 11:11:25,710 - PIL.PngImagePlugin - DEBUG - STREAM b'IDAT' 115 8192
2024-12-16 11:11:25,747 - PIL.PngImagePlugin - DEBUG - STREAM b'IHDR' 16 13
2024-12-16 11:11:25,747 - PIL.PngImagePlugin - DEBUG - STREAM b'sRGB' 41 1
2024-12-16 11:11:25,747 - PIL.PngImagePlugin - DEBUG - STREAM b'gAMA' 54 4
2024-12-16 11:11:25,747 - PIL.PngImagePlugin - DEBUG - STREAM b'pHYs' 70 9
2024-12-16 11:11:25,748 - PIL.PngImagePlugin - DEBUG - STREAM b'IDAT' 91 65445
2024-12-16 11:11:25,809 - __main__ - INFO - App instance created successfully
2024-12-16 11:11:47,953 - PIL.PngImagePlugin - DEBUG - STREAM b'IHDR' 16 13
2024-12-16 11:11:47,953 - PIL.PngImagePlugin - DEBUG - STREAM b'sRGB' 41 1
2024-12-16 11:11:47,953 - PIL.PngImagePlugin - DEBUG - STREAM b'gAMA' 54 4
2024-12-16 11:11:47,954 - PIL.PngImagePlugin - DEBUG - STREAM b'pHYs' 70 9
2024-12-16 11:11:47,954 - PIL.PngImagePlugin - DEBUG - STREAM b'IDAT' 91 65445
2024-12-16 11:14:34,532 - __main__ - DEBUG - Starting application...
2024-12-16 11:14:34,532 - __main__ - INFO - Restarting with admin rights...
2024-12-16 11:14:36,589 - __main__ - DEBUG - Starting application...
2024-12-16 11:14:36,589 - __main__ - INFO - Starting app with admin rights...
2024-12-16 11:14:37,786 - PIL.PngImagePlugin - DEBUG - STREAM b'IHDR' 16 13
2024-12-16 11:14:37,786 - PIL.PngImagePlugin - DEBUG - STREAM b'sBIT' 41 4
2024-12-16 11:14:37,786 - PIL.PngImagePlugin - DEBUG - b'sBIT' 41 4 (unknown)
2024-12-16 11:14:37,786 - PIL.PngImagePlugin - DEBUG - STREAM b'pHYs' 57 9
2024-12-16 11:14:37,786 - PIL.PngImagePlugin - DEBUG - STREAM b'tEXt' 78 25
2024-12-16 11:14:37,786 - PIL.PngImagePlugin - DEBUG - STREAM b'IDAT' 115 8192
2024-12-16 11:14:37,787 - PIL.PngImagePlugin - DEBUG - STREAM b'IHDR' 16 13
2024-12-16 11:14:37,787 - PIL.PngImagePlugin - DEBUG - STREAM b'pHYs' 41 9
2024-12-16 11:14:37,787 - PIL.PngImagePlugin - DEBUG - STREAM b'tEXt' 62 25
2024-12-16 11:14:37,787 - PIL.PngImagePlugin - DEBUG - STREAM b'IDAT' 99 8192
2024-12-16 11:14:37,787 - PIL.PngImagePlugin - DEBUG - STREAM b'IHDR' 16 13
2024-12-16 11:14:37,787 - PIL.PngImagePlugin - DEBUG - STREAM b'pHYs' 41 9
2024-12-16 11:14:37,787 - PIL.PngImagePlugin - DEBUG - STREAM b'tEXt' 62 25
2024-12-16 11:14:37,787 - PIL.PngImagePlugin - DEBUG - STREAM b'IDAT' 99 6132
2024-12-16 11:14:37,787 - PIL.PngImagePlugin - DEBUG - STREAM b'IHDR' 16 13
2024-12-16 11:14:37,788 - PIL.PngImagePlugin - DEBUG - STREAM b'sBIT' 41 4
2024-12-16 11:14:37,788 - PIL.PngImagePlugin - DEBUG - b'sBIT' 41 4 (unknown)
2024-12-16 11:14:37,788 - PIL.PngImagePlugin - DEBUG - STREAM b'pHYs' 57 9
2024-12-16 11:14:37,788 - PIL.PngImagePlugin - DEBUG - STREAM b'tEXt' 78 25
2024-12-16 11:14:37,788 - PIL.PngImagePlugin - DEBUG - STREAM b'IDAT' 115 8192
2024-12-16 11:14:37,825 - PIL.PngImagePlugin - DEBUG - STREAM b'IHDR' 16 13
2024-12-16 11:14:37,825 - PIL.PngImagePlugin - DEBUG - STREAM b'sRGB' 41 1
2024-12-16 11:14:37,825 - PIL.PngImagePlugin - DEBUG - STREAM b'gAMA' 54 4
2024-12-16 11:14:37,825 - PIL.PngImagePlugin - DEBUG - STREAM b'pHYs' 70 9
2024-12-16 11:14:37,825 - PIL.PngImagePlugin - DEBUG - STREAM b'IDAT' 91 65445
2024-12-16 11:14:37,886 - __main__ - INFO - App instance created successfully
2024-12-16 11:14:52,541 - PIL.PngImagePlugin - DEBUG - STREAM b'IHDR' 16 13
2024-12-16 11:14:52,541 - PIL.PngImagePlugin - DEBUG - STREAM b'sRGB' 41 1
2024-12-16 11:14:52,541 - PIL.PngImagePlugin - DEBUG - STREAM b'gAMA' 54 4
2024-12-16 11:14:52,541 - PIL.PngImagePlugin - DEBUG - STREAM b'pHYs' 70 9
2024-12-16 11:14:52,542 - PIL.PngImagePlugin - DEBUG - STREAM b'IDAT' 91 65445
2024-12-16 11:14:57,251 - PIL.PngImagePlugin - DEBUG - STREAM b'IHDR' 16 13
2024-12-16 11:14:57,252 - PIL.PngImagePlugin - DEBUG - STREAM b'sRGB' 41 1
2024-12-16 11:14:57,252 - PIL.PngImagePlugin - DEBUG - STREAM b'gAMA' 54 4
2024-12-16 11:14:57,252 - PIL.PngImagePlugin - DEBUG - STREAM b'pHYs' 70 9
2024-12-16 11:14:57,252 - PIL.PngImagePlugin - DEBUG - STREAM b'IDAT' 91 65445
2024-12-16 11:15:14,672 - PIL.PngImagePlugin - DEBUG - STREAM b'IHDR' 16 13
2024-12-16 11:15:14,672 - PIL.PngImagePlugin - DEBUG - STREAM b'sRGB' 41 1
2024-12-16 11:15:14,672 - PIL.PngImagePlugin - DEBUG - STREAM b'gAMA' 54 4
2024-12-16 11:15:14,672 - PIL.PngImagePlugin - DEBUG - STREAM b'pHYs' 70 9
2024-12-16 11:15:14,672 - PIL.PngImagePlugin - DEBUG - STREAM b'IDAT' 91 65445
2024-12-16 11:15:19,337 - PIL.PngImagePlugin - DEBUG - STREAM b'IHDR' 16 13
2024-12-16 11:15:19,337 - PIL.PngImagePlugin - DEBUG - STREAM b'sRGB' 41 1
2024-12-16 11:15:19,339 - PIL.PngImagePlugin - DEBUG - STREAM b'gAMA' 54 4
2024-12-16 11:15:19,339 - PIL.PngImagePlugin - DEBUG - STREAM b'pHYs' 70 9
2024-12-16 11:15:19,339 - PIL.PngImagePlugin - DEBUG - STREAM b'IDAT' 91 65445
2024-12-16 11:15:40,435 - PIL.PngImagePlugin - DEBUG - STREAM b'IHDR' 16 13
2024-12-16 11:15:40,435 - PIL.PngImagePlugin - DEBUG - STREAM b'sRGB' 41 1
2024-12-16 11:15:40,435 - PIL.PngImagePlugin - DEBUG - STREAM b'gAMA' 54 4
2024-12-16 11:15:40,436 - PIL.PngImagePlugin - DEBUG - STREAM b'pHYs' 70 9
2024-12-16 11:15:40,436 - PIL.PngImagePlugin - DEBUG - STREAM b'IDAT' 91 65445
2024-12-16 11:16:02,160 - PIL.PngImagePlugin - DEBUG - STREAM b'IHDR' 16 13
2024-12-16 11:16:02,160 - PIL.PngImagePlugin - DEBUG - STREAM b'sRGB' 41 1
2024-12-16 11:16:02,160 - PIL.PngImagePlugin - DEBUG - STREAM b'gAMA' 54 4
2024-12-16 11:16:02,160 - PIL.PngImagePlugin - DEBUG - STREAM b'pHYs' 70 9
2024-12-16 11:16:02,160 - PIL.PngImagePlugin - DEBUG - STREAM b'IDAT' 91 65445
2024-12-16 11:18:16,355 - __main__ - DEBUG - Starting application...
2024-12-16 11:18:16,355 - __main__ - INFO - Restarting with admin rights...
2024-12-16 11:18:18,564 - __main__ - DEBUG - Starting application...
2024-12-16 11:18:18,564 - __main__ - INFO - Starting app with admin rights...
2024-12-16 11:18:19,751 - PIL.PngImagePlugin - DEBUG - STREAM b'IHDR' 16 13
2024-12-16 11:18:19,751 - PIL.PngImagePlugin - DEBUG - STREAM b'sBIT' 41 4
2024-12-16 11:18:19,752 - PIL.PngImagePlugin - DEBUG - b'sBIT' 41 4 (unknown)
2024-12-16 11:18:19,752 - PIL.PngImagePlugin - DEBUG - STREAM b'pHYs' 57 9
2024-12-16 11:18:19,752 - PIL.PngImagePlugin - DEBUG - STREAM b'tEXt' 78 25
2024-12-16 11:18:19,752 - PIL.PngImagePlugin - DEBUG - STREAM b'IDAT' 115 8192
2024-12-16 11:18:19,752 - PIL.PngImagePlugin - DEBUG - STREAM b'IHDR' 16 13
2024-12-16 11:18:19,752 - PIL.PngImagePlugin - DEBUG - STREAM b'pHYs' 41 9
2024-12-16 11:18:19,752 - PIL.PngImagePlugin - DEBUG - STREAM b'tEXt' 62 25
2024-12-16 11:18:19,752 - PIL.PngImagePlugin - DEBUG - STREAM b'IDAT' 99 8192
2024-12-16 11:18:19,754 - PIL.PngImagePlugin - DEBUG - STREAM b'IHDR' 16 13
2024-12-16 11:18:19,754 - PIL.PngImagePlugin - DEBUG - STREAM b'pHYs' 41 9
2024-12-16 11:18:19,754 - PIL.PngImagePlugin - DEBUG - STREAM b'tEXt' 62 25
2024-12-16 11:18:19,754 - PIL.PngImagePlugin - DEBUG - STREAM b'IDAT' 99 6132
2024-12-16 11:18:19,754 - PIL.PngImagePlugin - DEBUG - STREAM b'IHDR' 16 13
2024-12-16 11:18:19,754 - PIL.PngImagePlugin - DEBUG - STREAM b'sBIT' 41 4
2024-12-16 11:18:19,754 - PIL.PngImagePlugin - DEBUG - b'sBIT' 41 4 (unknown)
2024-12-16 11:18:19,754 - PIL.PngImagePlugin - DEBUG - STREAM b'pHYs' 57 9
2024-12-16 11:18:19,754 - PIL.PngImagePlugin - DEBUG - STREAM b'tEXt' 78 25
2024-12-16 11:18:19,754 - PIL.PngImagePlugin - DEBUG - STREAM b'IDAT' 115 8192
2024-12-16 11:18:19,789 - PIL.PngImagePlugin - DEBUG - STREAM b'IHDR' 16 13
2024-12-16 11:18:19,789 - PIL.PngImagePlugin - DEBUG - STREAM b'sRGB' 41 1
2024-12-16 11:18:19,789 - PIL.PngImagePlugin - DEBUG - STREAM b'gAMA' 54 4
2024-12-16 11:18:19,789 - PIL.PngImagePlugin - DEBUG - STREAM b'pHYs' 70 9
2024-12-16 11:18:19,789 - PIL.PngImagePlugin - DEBUG - STREAM b'IDAT' 91 65445
2024-12-16 11:18:19,850 - __main__ - INFO - App instance created successfully
2024-12-16 11:18:41,548 - PIL.PngImagePlugin - DEBUG - STREAM b'IHDR' 16 13
2024-12-16 11:18:41,548 - PIL.PngImagePlugin - DEBUG - STREAM b'sRGB' 41 1
2024-12-16 11:18:41,549 - PIL.PngImagePlugin - DEBUG - STREAM b'gAMA' 54 4
2024-12-16 11:18:41,549 - PIL.PngImagePlugin - DEBUG - STREAM b'pHYs' 70 9
2024-12-16 11:18:41,549 - PIL.PngImagePlugin - DEBUG - STREAM b'IDAT' 91 65445
2024-12-16 11:19:29,554 - PIL.PngImagePlugin - DEBUG - STREAM b'IHDR' 16 13
2024-12-16 11:19:29,554 - PIL.PngImagePlugin - DEBUG - STREAM b'sRGB' 41 1
2024-12-16 11:19:29,555 - PIL.PngImagePlugin - DEBUG - STREAM b'gAMA' 54 4
2024-12-16 11:19:29,555 - PIL.PngImagePlugin - DEBUG - STREAM b'pHYs' 70 9
2024-12-16 11:19:29,555 - PIL.PngImagePlugin - DEBUG - STREAM b'IDAT' 91 65445
2024-12-16 11:19:39,443 - PIL.PngImagePlugin - DEBUG - STREAM b'IHDR' 16 13
2024-12-16 11:19:39,443 - PIL.PngImagePlugin - DEBUG - STREAM b'sRGB' 41 1
2024-12-16 11:19:39,444 - PIL.PngImagePlugin - DEBUG - STREAM b'gAMA' 54 4
2024-12-16 11:19:39,444 - PIL.PngImagePlugin - DEBUG - STREAM b'pHYs' 70 9
2024-12-16 11:19:39,444 - PIL.PngImagePlugin - DEBUG - STREAM b'IDAT' 91 65445
2024-12-16 11:19:47,481 - PIL.PngImagePlugin - DEBUG - STREAM b'IHDR' 16 13
2024-12-16 11:19:47,481 - PIL.PngImagePlugin - DEBUG - STREAM b'sRGB' 41 1
2024-12-16 11:19:47,482 - PIL.PngImagePlugin - DEBUG - STREAM b'gAMA' 54 4
2024-12-16 11:19:47,482 - PIL.PngImagePlugin - DEBUG - STREAM b'pHYs' 70 9
2024-12-16 11:19:47,482 - PIL.PngImagePlugin - DEBUG - STREAM b'IDAT' 91 65445
2024-12-16 11:19:52,814 - PIL.PngImagePlugin - DEBUG - STREAM b'IHDR' 16 13
2024-12-16 11:19:52,814 - PIL.PngImagePlugin - DEBUG - STREAM b'sRGB' 41 1
2024-12-16 11:19:52,815 - PIL.PngImagePlugin - DEBUG - STREAM b'gAMA' 54 4
2024-12-16 11:19:52,815 - PIL.PngImagePlugin - DEBUG - STREAM b'pHYs' 70 9
2024-12-16 11:19:52,815 - PIL.PngImagePlugin - DEBUG - STREAM b'IDAT' 91 65445
2024-12-16 11:20:11,210 - PIL.PngImagePlugin - DEBUG - STREAM b'IHDR' 16 13
2024-12-16 11:20:11,211 - PIL.PngImagePlugin - DEBUG - STREAM b'sRGB' 41 1
2024-12-16 11:20:11,211 - PIL.PngImagePlugin - DEBUG - STREAM b'gAMA' 54 4
2024-12-16 11:20:11,211 - PIL.PngImagePlugin - DEBUG - STREAM b'pHYs' 70 9
2024-12-16 11:20:11,211 - PIL.PngImagePlugin - DEBUG - STREAM b'IDAT' 91 65445
2024-12-16 12:04:48,644 - __main__ - DEBUG - Starting application...
2024-12-16 12:04:48,644 - __main__ - INFO - Restarting with admin rights...
2024-12-16 12:04:50,468 - __main__ - DEBUG - Starting application...
2024-12-16 12:04:50,468 - __main__ - INFO - Starting app with admin rights...
2024-12-16 12:04:51,677 - PIL.PngImagePlugin - DEBUG - STREAM b'IHDR' 16 13
2024-12-16 12:04:51,678 - PIL.PngImagePlugin - DEBUG - STREAM b'sBIT' 41 4
2024-12-16 12:04:51,678 - PIL.PngImagePlugin - DEBUG - b'sBIT' 41 4 (unknown)
2024-12-16 12:04:51,678 - PIL.PngImagePlugin - DEBUG - STREAM b'pHYs' 57 9
2024-12-16 12:04:51,678 - PIL.PngImagePlugin - DEBUG - STREAM b'tEXt' 78 25
2024-12-16 12:04:51,678 - PIL.PngImagePlugin - DEBUG - STREAM b'IDAT' 115 8192
2024-12-16 12:04:51,679 - PIL.PngImagePlugin - DEBUG - STREAM b'IHDR' 16 13
2024-12-16 12:04:51,679 - PIL.PngImagePlugin - DEBUG - STREAM b'pHYs' 41 9
2024-12-16 12:04:51,679 - PIL.PngImagePlugin - DEBUG - STREAM b'tEXt' 62 25
2024-12-16 12:04:51,679 - PIL.PngImagePlugin - DEBUG - STREAM b'IDAT' 99 8192
2024-12-16 12:04:51,679 - PIL.PngImagePlugin - DEBUG - STREAM b'IHDR' 16 13
2024-12-16 12:04:51,679 - PIL.PngImagePlugin - DEBUG - STREAM b'pHYs' 41 9
2024-12-16 12:04:51,679 - PIL.PngImagePlugin - DEBUG - STREAM b'tEXt' 62 25
2024-12-16 12:04:51,679 - PIL.PngImagePlugin - DEBUG - STREAM b'IDAT' 99 6132
2024-12-16 12:04:51,680 - PIL.PngImagePlugin - DEBUG - STREAM b'IHDR' 16 13
2024-12-16 12:04:51,680 - PIL.PngImagePlugin - DEBUG - STREAM b'sBIT' 41 4
2024-12-16 12:04:51,680 - PIL.PngImagePlugin - DEBUG - b'sBIT' 41 4 (unknown)
2024-12-16 12:04:51,680 - PIL.PngImagePlugin - DEBUG - STREAM b'pHYs' 57 9
2024-12-16 12:04:51,680 - PIL.PngImagePlugin - DEBUG - STREAM b'tEXt' 78 25
2024-12-16 12:04:51,680 - PIL.PngImagePlugin - DEBUG - STREAM b'IDAT' 115 8192
2024-12-16 12:04:52,388 - PIL.PngImagePlugin - DEBUG - STREAM b'IHDR' 16 13
2024-12-16 12:04:52,388 - PIL.PngImagePlugin - DEBUG - STREAM b'sRGB' 41 1
2024-12-16 12:04:52,388 - PIL.PngImagePlugin - DEBUG - STREAM b'gAMA' 54 4
2024-12-16 12:04:52,389 - PIL.PngImagePlugin - DEBUG - STREAM b'pHYs' 70 9
2024-12-16 12:04:52,389 - PIL.PngImagePlugin - DEBUG - STREAM b'IDAT' 91 65445
2024-12-16 12:04:52,452 - __main__ - INFO - App instance created successfully
2024-12-16 12:05:01,058 - PIL.PngImagePlugin - DEBUG - STREAM b'IHDR' 16 13
2024-12-16 12:05:01,058 - PIL.PngImagePlugin - DEBUG - STREAM b'sRGB' 41 1
2024-12-16 12:05:01,059 - PIL.PngImagePlugin - DEBUG - STREAM b'gAMA' 54 4
2024-12-16 12:05:01,059 - PIL.PngImagePlugin - DEBUG - STREAM b'pHYs' 70 9
2024-12-16 12:05:01,059 - PIL.PngImagePlugin - DEBUG - STREAM b'IDAT' 91 65445
